PRT1
349
722
4 0 2 (7680 7168 6656 ) (7168 7168 6656 ) (7168 7168 1024 ) (7680 7168 1024 ) 
4 0 1 (7168 7168 1024 ) (7168 7168 6656 ) (7168 7680 6656 ) (7168 7680 1024 ) 
4 1 4 (6144 7168 1024 ) (6144 7168 6656 ) (6144 7680 6656 ) (6144 7680 1024 ) 
4 1 3 (7168 7168 1024 ) (7168 7168 6656 ) (6144 7168 6656 ) (6144 7168 1024 ) 
4 2 14 (7680 6144 1024 ) (7680 6144 6656 ) (7168 6144 6656 ) (7168 6144 1024 ) 
4 2 3 (7168 7168 6656 ) (7168 7168 1024 ) (7168 6144 1024 ) (7168 6144 6656 ) 
4 3 15 (7168 6144 1024 ) (7168 6144 6656 ) (6144 6144 6656 ) (6144 6144 1024 ) 
4 3 6 (6144 6144 1024 ) (6144 6144 6656 ) (6144 7168 6656 ) (6144 7168 1024 ) 
4 4 6 (6144 7168 1024 ) (6144 7168 6656 ) (5120 7168 6656 ) (5120 7168 1024 ) 
4 4 5 (5120 7168 1024 ) (5120 7168 6656 ) (5120 7680 6656 ) (5120 7680 1024 ) 
4 5 8 (4096 7168 1024 ) (4096 7168 6656 ) (4096 7680 6656 ) (4096 7680 1024 ) 
4 5 7 (4096 7168 6656 ) (4096 7168 1024 ) (5120 7168 1024 ) (5120 7168 6656 ) 
4 6 26 (6144 6144 1024 ) (6144 6144 6656 ) (5120 6144 6656 ) (5120 6144 1024 ) 
4 6 7 (5120 7168 6656 ) (5120 7168 1024 ) (5120 6144 1024 ) (5120 6144 6656 ) 
4 7 27 (5120 6144 1024 ) (5120 6144 6656 ) (4096 6144 6656 ) (4096 6144 1024 ) 
4 7 9 (4096 6144 1024 ) (4096 6144 6656 ) (4096 7168 6656 ) (4096 7168 1024 ) 
4 8 10 (3072 7168 1024 ) (3072 7168 6656 ) (3072 7680 6656 ) (3072 7680 1024 ) 
4 8 9 (4096 7168 1024 ) (4096 7168 6656 ) (3072 7168 6656 ) (3072 7168 1024 ) 
4 9 30 (4096 6144 1024 ) (4096 6144 6656 ) (3072 6144 6656 ) (3072 6144 1024 ) 
4 9 12 (3072 6144 1024 ) (3072 6144 6656 ) (3072 7168 6656 ) (3072 7168 1024 ) 
4 10 12 (3072 7168 1024 ) (3072 7168 6656 ) (2048 7168 6656 ) (2048 7168 1024 ) 
4 10 11 (2048 7168 1024 ) (2048 7168 6656 ) (2048 7680 6656 ) (2048 7680 1024 ) 
4 11 56 (1024 7168 1024 ) (1024 7168 6656 ) (1024 7680 6656 ) (1024 7680 1024 ) 
4 11 13 (1024 7168 6656 ) (1024 7168 1024 ) (2048 7168 1024 ) (2048 7168 6656 ) 
4 12 32 (3072 6144 1024 ) (3072 6144 6656 ) (2048 6144 6656 ) (2048 6144 1024 ) 
4 12 13 (2048 7168 6656 ) (2048 7168 1024 ) (2048 6144 1024 ) (2048 6144 6656 ) 
4 13 58 (1024 6144 1024 ) (1024 6144 6656 ) (1024 7168 6656 ) (1024 7168 1024 ) 
4 13 33 (2048 6144 1024 ) (2048 6144 6656 ) (1024 6144 6656 ) (1024 6144 1024 ) 
4 14 16 (7680 5120 1024 ) (7680 5120 6656 ) (7168 5120 6656 ) (7168 5120 1024 ) 
4 14 15 (7168 6144 6656 ) (7168 6144 1024 ) (7168 5120 1024 ) (7168 5120 6656 ) 
4 15 26 (6144 6144 6656 ) (6144 6144 1024 ) (6144 5120 1024 ) (6144 5120 6656 ) 
4 15 17 (7168 5120 1024 ) (7168 5120 6656 ) (6144 5120 6656 ) (6144 5120 1024 ) 
4 16 18 (7680 4096 1024 ) (7680 4096 6656 ) (7168 4096 6656 ) (7168 4096 1024 ) 
4 16 17 (7168 5120 6656 ) (7168 5120 1024 ) (7168 4096 1024 ) (7168 4096 6656 ) 
4 17 28 (6144 4096 1024 ) (6144 4096 6656 ) (6144 5120 6656 ) (6144 5120 1024 ) 
4 17 19 (7168 4096 1024 ) (7168 4096 6656 ) (6144 4096 6656 ) (6144 4096 1024 ) 
4 18 20 (7680 3072 1024 ) (7680 3072 6656 ) (7168 3072 6656 ) (7168 3072 1024 ) 
4 18 19 (7168 4096 6656 ) (7168 4096 1024 ) (7168 3072 1024 ) (7168 3072 6656 ) 
4 19 36 (6144 3072 1024 ) (6144 3072 6656 ) (6144 4096 6656 ) (6144 4096 1024 ) 
4 19 21 (7168 3072 1024 ) (7168 3072 6656 ) (6144 3072 6656 ) (6144 3072 1024 ) 
4 20 22 (7680 2048 1024 ) (7680 2048 6656 ) (7168 2048 6656 ) (7168 2048 1024 ) 
4 20 21 (7168 2048 1024 ) (7168 2048 6656 ) (7168 3072 6656 ) (7168 3072 1024 ) 
4 21 38 (6144 2048 1024 ) (6144 2048 6656 ) (6144 3072 6656 ) (6144 3072 1024 ) 
4 21 24 (6144 2048 6656 ) (6144 2048 1024 ) (7168 2048 1024 ) (7168 2048 6656 ) 
4 22 149 (7168 1024 6656 ) (7168 1024 992 ) (7680 1024 992 ) (7680 1024 6656 ) 
4 22 24 (7168 2048 6656 ) (7168 2048 992 ) (7168 1024 992 ) (7168 1024 6656 ) 
4 22 23 (7168 2048 992 ) (7680 2048 992 ) (7680 1024 992 ) (7168 1024 992 ) 
4 23 150 (7680 1024 896 ) (7680 1024 992 ) (7168 1024 992 ) (7168 1024 896 ) 
4 23 25 (7168 2048 992 ) (7168 2048 896 ) (7168 1024 896 ) (7168 1024 992 ) 
4 24 151 (7168 1024 992 ) (7168 1024 6656 ) (6144 1024 6656 ) (6144 1024 992 ) 
4 24 40 (6144 1024 992 ) (6144 1024 6656 ) (6144 2048 6656 ) (6144 2048 992 ) 
4 24 25 (6144 1024 992 ) (6144 2048 992 ) (7168 2048 992 ) (7168 1024 992 ) 
4 25 152 (7168 1024 896 ) (7168 1024 992 ) (6144 1024 992 ) (6144 1024 896 ) 
4 25 41 (6144 1024 896 ) (6144 1024 992 ) (6144 2048 992 ) (6144 2048 896 ) 
4 26 28 (6144 5120 1024 ) (6144 5120 6656 ) (5120 5120 6656 ) (5120 5120 1024 ) 
4 26 27 (5120 6144 6656 ) (5120 6144 1024 ) (5120 5120 1024 ) (5120 5120 6656 ) 
4 27 30 (4096 6144 6656 ) (4096 6144 1024 ) (4096 5120 1024 ) (4096 5120 6656 ) 
4 27 29 (5120 5120 1024 ) (5120 5120 6656 ) (4096 5120 6656 ) (4096 5120 1024 ) 
4 28 36 (6144 4096 1024 ) (6144 4096 6656 ) (5120 4096 6656 ) (5120 4096 1024 ) 
4 28 29 (5120 5120 6656 ) (5120 5120 1024 ) (5120 4096 1024 ) (5120 4096 6656 ) 
4 29 37 (5120 4096 1024 ) (5120 4096 6656 ) (4096 4096 6656 ) (4096 4096 1024 ) 
4 29 31 (4096 4096 1024 ) (4096 4096 6656 ) (4096 5120 6656 ) (4096 5120 1024 ) 
4 30 32 (3072 5120 1024 ) (3072 5120 6656 ) (3072 6144 6656 ) (3072 6144 1024 ) 
4 30 31 (4096 5120 1024 ) (4096 5120 6656 ) (3072 5120 6656 ) (3072 5120 1024 ) 
4 31 44 (4096 4096 1024 ) (4096 4096 6656 ) (3072 4096 6656 ) (3072 4096 1024 ) 
4 31 34 (3072 4096 1024 ) (3072 4096 6656 ) (3072 5120 6656 ) (3072 5120 1024 ) 
4 32 34 (3072 5120 1024 ) (3072 5120 6656 ) (2048 5120 6656 ) (2048 5120 1024 ) 
4 32 33 (2048 5120 1024 ) (2048 5120 6656 ) (2048 6144 6656 ) (2048 6144 1024 ) 
4 33 66 (1024 5120 1024 ) (1024 5120 6656 ) (1024 6144 6656 ) (1024 6144 1024 ) 
4 33 35 (1024 5120 6656 ) (1024 5120 1024 ) (2048 5120 1024 ) (2048 5120 6656 ) 
4 34 45 (3072 4096 1024 ) (3072 4096 6656 ) (2048 4096 6656 ) (2048 4096 1024 ) 
4 34 35 (2048 5120 6656 ) (2048 5120 1024 ) (2048 4096 1024 ) (2048 4096 6656 ) 
4 35 68 (1024 4096 1024 ) (1024 4096 6656 ) (1024 5120 6656 ) (1024 5120 1024 ) 
4 35 46 (2048 4096 1024 ) (2048 4096 6656 ) (1024 4096 6656 ) (1024 4096 1024 ) 
4 36 38 (6144 3072 1024 ) (6144 3072 6656 ) (5120 3072 6656 ) (5120 3072 1024 ) 
4 36 37 (5120 4096 6656 ) (5120 4096 1024 ) (5120 3072 1024 ) (5120 3072 6656 ) 
4 37 44 (4096 4096 6656 ) (4096 4096 1024 ) (4096 3072 1024 ) (4096 3072 6656 ) 
4 37 39 (5120 3072 1024 ) (5120 3072 6656 ) (4096 3072 6656 ) (4096 3072 1024 ) 
4 38 40 (6144 2048 1024 ) (6144 2048 6656 ) (5120 2048 6656 ) (5120 2048 1024 ) 
4 38 39 (5120 2048 1024 ) (5120 2048 6656 ) (5120 3072 6656 ) (5120 3072 1024 ) 
4 39 47 (4096 2048 1024 ) (4096 2048 6656 ) (4096 3072 6656 ) (4096 3072 1024 ) 
4 39 42 (4096 2048 6656 ) (4096 2048 1024 ) (5120 2048 1024 ) (5120 2048 6656 ) 
4 40 165 (6144 1024 992 ) (6144 1024 6656 ) (5120 1024 6656 ) (5120 1024 992 ) 
4 40 42 (5120 2048 6656 ) (5120 2048 992 ) (5120 1024 992 ) (5120 1024 6656 ) 
4 40 41 (6144 1024 992 ) (5120 1024 992 ) (5120 2048 992 ) (6144 2048 992 ) 
4 41 166 (6144 1024 896 ) (6144 1024 992 ) (5120 1024 992 ) (5120 1024 896 ) 
4 41 43 (5120 2048 992 ) (5120 2048 896 ) (5120 1024 896 ) (5120 1024 992 ) 
4 42 167 (5120 1024 992 ) (5120 1024 6656 ) (4096 1024 6656 ) (4096 1024 992 ) 
4 42 48 (4096 1024 992 ) (4096 1024 6656 ) (4096 2048 6656 ) (4096 2048 992 ) 
4 42 43 (4096 1024 992 ) (4096 2048 992 ) (5120 2048 992 ) (5120 1024 992 ) 
4 43 168 (5120 1024 896 ) (5120 1024 992 ) (4096 1024 992 ) (4096 1024 896 ) 
4 43 49 (4096 1024 896 ) (4096 1024 992 ) (4096 2048 992 ) (4096 2048 896 ) 
4 44 47 (4096 3072 1024 ) (4096 3072 6656 ) (3072 3072 6656 ) (3072 3072 1024 ) 
4 44 45 (3072 4096 6656 ) (3072 4096 1024 ) (3072 3072 1024 ) (3072 3072 6656 ) 
4 45 50 (3072 3072 1024 ) (3072 3072 6656 ) (2048 3072 6656 ) (2048 3072 1024 ) 
4 45 46 (2048 3072 1024 ) (2048 3072 6656 ) (2048 4096 6656 ) (2048 4096 1024 ) 
4 46 76 (1024 3072 1024 ) (1024 3072 6656 ) (1024 4096 6656 ) (1024 4096 1024 ) 
4 46 51 (2048 3072 1024 ) (2048 3072 6656 ) (1024 3072 6656 ) (1024 3072 1024 ) 
4 47 50 (3072 3072 6656 ) (3072 3072 1024 ) (3072 2048 1024 ) (3072 2048 6656 ) 
4 47 48 (4096 2048 1024 ) (4096 2048 6656 ) (3072 2048 6656 ) (3072 2048 1024 ) 
4 48 173 (4096 1024 992 ) (4096 1024 6656 ) (3072 1024 6656 ) (3072 1024 992 ) 
4 48 52 (3072 1024 992 ) (3072 1024 6656 ) (3072 2048 6656 ) (3072 2048 992 ) 
4 48 49 (4096 1024 992 ) (3072 1024 992 ) (3072 2048 992 ) (4096 2048 992 ) 
4 49 174 (4096 1024 896 ) (4096 1024 992 ) (3072 1024 992 ) (3072 1024 896 ) 
4 49 53 (3072 1024 896 ) (3072 1024 992 ) (3072 2048 992 ) (3072 2048 896 ) 
4 50 52 (3072 2048 1024 ) (3072 2048 6656 ) (2048 2048 6656 ) (2048 2048 1024 ) 
4 50 51 (2048 3072 6656 ) (2048 3072 1024 ) (2048 2048 1024 ) (2048 2048 6656 ) 
4 51 78 (1024 2048 1024 ) (1024 2048 6656 ) (1024 3072 6656 ) (1024 3072 1024 ) 
4 51 54 (2048 2048 1024 ) (2048 2048 6656 ) (1024 2048 6656 ) (1024 2048 1024 ) 
4 52 177 (3072 1024 992 ) (3072 1024 6656 ) (2048 1024 6656 ) (2048 1024 992 ) 
4 52 54 (2048 2048 6656 ) (2048 2048 992 ) (2048 1024 992 ) (2048 1024 6656 ) 
4 52 53 (2048 2048 992 ) (3072 2048 992 ) (3072 1024 992 ) (2048 1024 992 ) 
4 53 178 (3072 1024 896 ) (3072 1024 992 ) (2048 1024 992 ) (2048 1024 896 ) 
4 53 55 (2048 2048 992 ) (2048 2048 896 ) (2048 1024 896 ) (2048 1024 992 ) 
4 54 179 (2048 1024 992 ) (2048 1024 6656 ) (1024 1024 6656 ) (1024 1024 992 ) 
4 54 80 (1024 1024 992 ) (1024 1024 6656 ) (1024 2048 6656 ) (1024 2048 992 ) 
4 54 55 (2048 2048 992 ) (2048 1024 992 ) (1024 1024 992 ) (1024 2048 992 ) 
4 55 180 (2048 1024 896 ) (2048 1024 992 ) (1024 1024 992 ) (1024 1024 896 ) 
4 55 81 (1024 1024 896 ) (1024 1024 992 ) (1024 2048 992 ) (1024 2048 896 ) 
4 56 58 (1024 7168 1024 ) (1024 7168 6656 ) (0 7168 6656 ) (0 7168 1024 ) 
4 56 57 (0 7168 1024 ) (0 7168 6656 ) (0 7680 6656 ) (0 7680 1024 ) 
4 57 60 (-1024 7168 1024 ) (-1024 7168 6656 ) (-1024 7680 6656 ) (-1024 7680 1024 ) 
4 57 59 (-1024 7168 6656 ) (-1024 7168 1024 ) (0 7168 1024 ) (0 7168 6656 ) 
4 58 66 (1024 6144 1024 ) (1024 6144 6656 ) (0 6144 6656 ) (0 6144 1024 ) 
4 58 59 (0 7168 6656 ) (0 7168 1024 ) (0 6144 1024 ) (0 6144 6656 ) 
4 59 67 (0 6144 1024 ) (0 6144 6656 ) (-1024 6144 6656 ) (-1024 6144 1024 ) 
4 59 61 (-1024 6144 1024 ) (-1024 6144 6656 ) (-1024 7168 6656 ) (-1024 7168 1024 ) 
4 60 62 (-2048 7168 1024 ) (-2048 7168 6656 ) (-2048 7680 6656 ) (-2048 7680 1024 ) 
4 60 61 (-1024 7168 1024 ) (-1024 7168 6656 ) (-2048 7168 6656 ) (-2048 7168 1024 ) 
4 61 70 (-1024 6144 1024 ) (-1024 6144 6656 ) (-2048 6144 6656 ) (-2048 6144 1024 ) 
4 61 64 (-2048 6144 1024 ) (-2048 6144 6656 ) (-2048 7168 6656 ) (-2048 7168 1024 ) 
4 62 64 (-2048 7168 1024 ) (-2048 7168 6656 ) (-3072 7168 6656 ) (-3072 7168 1024 ) 
4 62 63 (-3072 7168 1024 ) (-3072 7168 6656 ) (-3072 7680 6656 ) (-3072 7680 1024 ) 
4 63 113 (-4096 7168 1024 ) (-4096 7168 6656 ) (-4096 7680 6656 ) (-4096 7680 1024 ) 
4 63 65 (-3072 7168 1024 ) (-3072 7168 6656 ) (-4096 7168 6656 ) (-4096 7168 1024 ) 
4 64 72 (-2048 6144 1024 ) (-2048 6144 6656 ) (-3072 6144 6656 ) (-3072 6144 1024 ) 
4 64 65 (-3072 7168 6656 ) (-3072 7168 1024 ) (-3072 6144 1024 ) (-3072 6144 6656 ) 
4 65 115 (-4096 6144 1024 ) (-4096 6144 6656 ) (-4096 7168 6656 ) (-4096 7168 1024 ) 
4 65 73 (-3072 6144 1024 ) (-3072 6144 6656 ) (-4096 6144 6656 ) (-4096 6144 1024 ) 
4 66 68 (1024 5120 1024 ) (1024 5120 6656 ) (0 5120 6656 ) (0 5120 1024 ) 
4 66 67 (0 5120 1024 ) (0 5120 6656 ) (0 6144 6656 ) (0 6144 1024 ) 
4 67 70 (-1024 5120 1024 ) (-1024 5120 6656 ) (-1024 6144 6656 ) (-1024 6144 1024 ) 
4 67 69 (0 5120 1024 ) (0 5120 6656 ) (-1024 5120 6656 ) (-1024 5120 1024 ) 
4 68 76 (1024 4096 1024 ) (1024 4096 6656 ) (0 4096 6656 ) (0 4096 1024 ) 
4 68 69 (0 5120 6656 ) (0 5120 1024 ) (0 4096 1024 ) (0 4096 6656 ) 
4 69 77 (0 4096 1024 ) (0 4096 6656 ) (-1024 4096 6656 ) (-1024 4096 1024 ) 
4 69 71 (-1024 4096 1024 ) (-1024 4096 6656 ) (-1024 5120 6656 ) (-1024 5120 1024 ) 
4 70 72 (-2048 6144 6656 ) (-2048 6144 1024 ) (-2048 5120 1024 ) (-2048 5120 6656 ) 
4 70 71 (-1024 5120 1024 ) (-1024 5120 6656 ) (-2048 5120 6656 ) (-2048 5120 1024 ) 
4 71 83 (-1024 4096 1024 ) (-1024 4096 6656 ) (-2048 4096 6656 ) (-2048 4096 1024 ) 
4 71 74 (-2048 4096 1024 ) (-2048 4096 6656 ) (-2048 5120 6656 ) (-2048 5120 1024 ) 
4 72 74 (-2048 5120 1024 ) (-2048 5120 6656 ) (-3072 5120 6656 ) (-3072 5120 1024 ) 
4 72 73 (-3072 6144 6656 ) (-3072 6144 1024 ) (-3072 5120 1024 ) (-3072 5120 6656 ) 
4 73 121 (-4096 5120 1024 ) (-4096 5120 6656 ) (-4096 6144 6656 ) (-4096 6144 1024 ) 
4 73 75 (-3072 5120 1024 ) (-3072 5120 6656 ) (-4096 5120 6656 ) (-4096 5120 1024 ) 
4 74 84 (-2048 4096 1024 ) (-2048 4096 6656 ) (-3072 4096 6656 ) (-3072 4096 1024 ) 
4 74 75 (-3072 5120 6656 ) (-3072 5120 1024 ) (-3072 4096 1024 ) (-3072 4096 6656 ) 
4 75 123 (-4096 4096 1024 ) (-4096 4096 6656 ) (-4096 5120 6656 ) (-4096 5120 1024 ) 
4 75 85 (-4096 4096 6656 ) (-4096 4096 1024 ) (-3072 4096 1024 ) (-3072 4096 6656 ) 
4 76 78 (1024 3072 1024 ) (1024 3072 6656 ) (0 3072 6656 ) (0 3072 1024 ) 
4 76 77 (0 4096 6656 ) (0 4096 1024 ) (0 3072 1024 ) (0 3072 6656 ) 
4 77 83 (-1024 4096 6656 ) (-1024 4096 1024 ) (-1024 3072 1024 ) (-1024 3072 6656 ) 
4 77 79 (0 3072 1024 ) (0 3072 6656 ) (-1024 3072 6656 ) (-1024 3072 1024 ) 
4 78 80 (1024 2048 1024 ) (1024 2048 6656 ) (0 2048 6656 ) (0 2048 1024 ) 
4 78 79 (0 2048 1024 ) (0 2048 6656 ) (0 3072 6656 ) (0 3072 1024 ) 
4 79 86 (-1024 2048 1024 ) (-1024 2048 6656 ) (-1024 3072 6656 ) (-1024 3072 1024 ) 
4 79 82 (-1024 2048 6656 ) (-1024 2048 1024 ) (0 2048 1024 ) (0 2048 6656 ) 
4 80 233 (1024 1024 992 ) (1024 1024 6656 ) (0 1024 6656 ) (0 1024 992 ) 
4 80 82 (0 2048 6656 ) (0 2048 1024 ) (0 1024 1024 ) (0 1024 6656 ) 
4 80 81 (1024 1024 992 ) (0 1024 992 ) (0 2048 992 ) (1024 2048 992 ) 
4 81 234 (1024 1024 896 ) (1024 1024 992 ) (0 1024 992 ) (0 1024 896 ) 
4 82 235 (0 1024 1024 ) (0 1024 6656 ) (-1024 1024 6656 ) (-1024 1024 1024 ) 
4 82 87 (-1024 1024 1024 ) (-1024 1024 6656 ) (-1024 2048 6656 ) (-1024 2048 1024 ) 
4 83 86 (-1024 3072 1024 ) (-1024 3072 6656 ) (-2048 3072 6656 ) (-2048 3072 1024 ) 
4 83 84 (-2048 4096 6656 ) (-2048 4096 1024 ) (-2048 3072 1024 ) (-2048 3072 6656 ) 
4 84 88 (-2048 3072 1024 ) (-2048 3072 6656 ) (-3072 3072 6656 ) (-3072 3072 1024 ) 
4 84 85 (-3072 3072 1024 ) (-3072 3072 6656 ) (-3072 4096 6656 ) (-3072 4096 1024 ) 
4 85 129 (-4096 3072 1024 ) (-4096 3072 6656 ) (-4096 4096 6656 ) (-4096 4096 1024 ) 
4 85 89 (-4096 3072 6656 ) (-4096 3072 1024 ) (-3072 3072 1024 ) (-3072 3072 6656 ) 
4 86 88 (-2048 3072 6656 ) (-2048 3072 1024 ) (-2048 2048 1024 ) (-2048 2048 6656 ) 
4 86 87 (-1024 2048 1024 ) (-1024 2048 6656 ) (-2048 2048 6656 ) (-2048 2048 1024 ) 
4 87 239 (-1024 1024 1024 ) (-1024 1024 6656 ) (-2048 1024 6656 ) (-2048 1024 1024 ) 
4 87 90 (-2048 1024 1024 ) (-2048 1024 6656 ) (-2048 2048 6656 ) (-2048 2048 1024 ) 
4 88 90 (-2048 2048 1024 ) (-2048 2048 6656 ) (-3072 2048 6656 ) (-3072 2048 1024 ) 
4 88 89 (-3072 3072 6656 ) (-3072 3072 1024 ) (-3072 2048 1024 ) (-3072 2048 6656 ) 
4 89 131 (-4096 2048 1024 ) (-4096 2048 6656 ) (-4096 3072 6656 ) (-4096 3072 1024 ) 
4 89 99 (-4096 2048 1072 ) (-4096 2048 1024 ) (-3072 2048 1024 ) (-3072 2048 1072 ) 
4 89 92 (-4096 2048 1088 ) (-4096 2048 1072 ) (-3072 2048 1072 ) (-3072 2048 1088 ) 
4 89 91 (-4096 2048 6656 ) (-4096 2048 1088 ) (-3072 2048 1088 ) (-3072 2048 6656 ) 
4 90 241 (-2048 1024 1024 ) (-2048 1024 6656 ) (-3072 1024 6656 ) (-3072 1024 1024 ) 
4 90 107 (-3072 1168 1024 ) (-3072 1152 1024 ) (-3072 1152 1072 ) (-3072 1168 1072 ) 
4 90 112 (-3072 1152 1024 ) (-3072 1024 1024 ) (-3072 1024 1072 ) (-3072 1152 1072 ) 
4 90 100 (-3072 1536 1024 ) (-3072 1408 1024 ) (-3072 1408 1072 ) (-3072 1536 1072 ) 
4 90 102 (-3072 1408 1024 ) (-3072 1168 1024 ) (-3072 1168 1072 ) (-3072 1408 1072 ) 
4 90 99 (-3072 2048 1072 ) (-3072 2048 1024 ) (-3072 1536 1024 ) (-3072 1536 1072 ) 
4 90 95 (-3072 1408 1072 ) (-3072 1152 1072 ) (-3072 1152 1088 ) (-3072 1408 1088 ) 
4 90 98 (-3072 1152 1072 ) (-3072 1024 1072 ) (-3072 1024 1088 ) (-3072 1152 1088 ) 
4 90 94 (-3072 1024 1088 ) (-3072 1024 6656 ) (-3072 1408 6656 ) (-3072 1408 1088 ) 
4 90 93 (-3072 1536 1072 ) (-3072 1408 1072 ) (-3072 1408 1088 ) (-3072 1536 1088 ) 
4 90 92 (-3072 2048 1088 ) (-3072 2048 1072 ) (-3072 1536 1072 ) (-3072 1536 1088 ) 
4 90 91 (-3072 2048 6656 ) (-3072 2048 1088 ) (-3072 1408 1088 ) (-3072 1408 6656 ) 
4 91 135 (-4096 1792 1600 ) (-4096 1408 1600 ) (-4096 1408 1856 ) (-4096 1792 1856 ) 
4 91 134 (-4096 1408 1856 ) (-4096 1408 6656 ) (-4096 1792 6656 ) (-4096 1792 1856 ) 
4 91 133 (-4096 2048 6656 ) (-4096 2048 1600 ) (-4096 1792 1600 ) (-4096 1792 6656 ) 
4 91 94 (-4096 1408 6656 ) (-4096 1408 1088 ) (-3072 1408 1088 ) (-3072 1408 6656 ) 
4 91 93 (-3072 1408 1088 ) (-3200 1408 1088 ) (-3200 1536 1088 ) (-3072 1536 1088 ) 
4 91 92 (-4096 1536 1088 ) (-4096 2048 1088 ) (-3072 2048 1088 ) (-3072 1536 1088 ) 
4 92 99 (-4096 1536 1072 ) (-4096 2048 1072 ) (-3072 2048 1072 ) (-3072 1536 1072 ) 
4 92 93 (-3168 1536 1072 ) (-3072 1536 1072 ) (-3072 1536 1088 ) (-3200 1536 1088 ) 
4 93 100 (-3168 1536 1072 ) (-3072 1536 1072 ) (-3072 1408 1072 ) (-3168 1408 1072 ) 
4 93 95 (-3168 1408 1072 ) (-3072 1408 1072 ) (-3072 1408 1088 ) (-3200 1408 1088 ) 
4 94 242 (-3072 1024 1088 ) (-3072 1024 6656 ) (-4096 1024 6656 ) (-4096 1024 1088 ) 
4 94 135 (-4096 1024 1600 ) (-4096 1024 1856 ) (-4096 1408 1856 ) (-4096 1408 1600 ) 
4 94 134 (-4096 1024 1856 ) (-4096 1024 6656 ) (-4096 1408 6656 ) (-4096 1408 1856 ) 
4 94 96 (-3712 1408 1088 ) (-3456 1408 1088 ) (-3456 1152 1088 ) (-3712 1152 1088 ) 
4 94 97 (-4096 1152 1088 ) (-4096 1408 1088 ) (-3840 1408 1088 ) (-3840 1152 1088 ) 
4 94 95 (-3328 1408 1088 ) (-3072 1408 1088 ) (-3072 1152 1088 ) (-3328 1152 1088 ) 
4 94 98 (-3072 1024 1088 ) (-4096 1024 1088 ) (-4096 1152 1088 ) (-3072 1152 1088 ) 
4 95 107 (-3072 1168 1072 ) (-3072 1152 1072 ) (-3328 1152 1072 ) (-3328 1168 1072 ) 
4 95 102 (-3328 1408 1072 ) (-3072 1408 1072 ) (-3072 1168 1072 ) (-3328 1168 1072 ) 
4 95 98 (-3328 1152 1072 ) (-3072 1152 1072 ) (-3072 1152 1088 ) (-3328 1152 1088 ) 
4 96 109 (-3456 1168 1072 ) (-3456 1152 1072 ) (-3712 1152 1072 ) (-3712 1168 1072 ) 
4 96 104 (-3712 1408 1072 ) (-3456 1408 1072 ) (-3456 1168 1072 ) (-3712 1168 1072 ) 
4 96 98 (-3712 1152 1072 ) (-3456 1152 1072 ) (-3456 1152 1088 ) (-3712 1152 1088 ) 
4 97 111 (-4096 1152 1072 ) (-4096 1168 1072 ) (-3840 1168 1072 ) (-3840 1152 1072 ) 
4 97 106 (-4096 1168 1072 ) (-4096 1408 1072 ) (-3840 1408 1072 ) (-3840 1168 1072 ) 
4 97 98 (-4096 1152 1072 ) (-3840 1152 1072 ) (-3840 1152 1088 ) (-4096 1152 1088 ) 
4 98 242 (-3072 1024 1072 ) (-3072 1024 1088 ) (-4096 1024 1088 ) (-4096 1024 1072 ) 
4 98 112 (-3072 1024 1072 ) (-4096 1024 1072 ) (-4096 1152 1072 ) (-3072 1152 1072 ) 
4 99 104 (-3768 1536 1024 ) (-3400 1536 1024 ) (-3400 1536 1072 ) (-3768 1536 1072 ) 
4 99 106 (-4096 1536 1024 ) (-3784 1536 1024 ) (-3784 1536 1072 ) (-4096 1536 1072 ) 
4 99 101 (-3384 1536 1024 ) (-3104 1536 1024 ) (-3200 1536 1072 ) (-3384 1536 1072 ) 
3 99 100 (-3072 1536 1024 ) (-3072 1536 1072 ) (-3168 1536 1072 ) 
3 100 102 (-3072 1408 1024 ) (-3072 1408 1072 ) (-3168 1408 1072 ) 
4 101 103 (-3384 1520 1024 ) (-3384 1408 1024 ) (-3384 1408 1072 ) (-3384 1520 1072 ) 
4 101 102 (-3384 1408 1072 ) (-3384 1408 1024 ) (-3104 1408 1024 ) (-3200 1408 1072 ) 
4 102 107 (-3328 1168 1024 ) (-3072 1168 1024 ) (-3072 1168 1072 ) (-3328 1168 1072 ) 
4 102 108 (-3384 1168 1024 ) (-3344 1168 1024 ) (-3344 1168 1072 ) (-3384 1168 1072 ) 
4 102 103 (-3384 1408 1024 ) (-3384 1168 1024 ) (-3384 1168 1072 ) (-3384 1408 1072 ) 
4 103 108 (-3400 1168 1024 ) (-3384 1168 1024 ) (-3384 1168 1072 ) (-3400 1168 1072 ) 
4 103 104 (-3400 1520 1024 ) (-3400 1168 1024 ) (-3400 1168 1072 ) (-3400 1520 1072 ) 
4 104 110 (-3768 1168 1024 ) (-3728 1168 1024 ) (-3728 1168 1072 ) (-3768 1168 1072 ) 
4 104 109 (-3712 1168 1024 ) (-3456 1168 1024 ) (-3456 1168 1072 ) (-3712 1168 1072 ) 
4 104 108 (-3440 1168 1024 ) (-3400 1168 1024 ) (-3400 1168 1072 ) (-3440 1168 1072 ) 
4 104 105 (-3768 1520 1024 ) (-3768 1168 1024 ) (-3768 1168 1072 ) (-3768 1520 1072 ) 
4 105 110 (-3784 1168 1024 ) (-3768 1168 1024 ) (-3768 1168 1072 ) (-3784 1168 1072 ) 
4 105 106 (-3784 1520 1024 ) (-3784 1168 1024 ) (-3784 1168 1072 ) (-3784 1520 1072 ) 
4 106 110 (-3824 1168 1024 ) (-3784 1168 1024 ) (-3784 1168 1072 ) (-3824 1168 1072 ) 
4 106 111 (-4096 1168 1024 ) (-3840 1168 1024 ) (-3840 1168 1072 ) (-4096 1168 1072 ) 
4 107 112 (-3328 1152 1024 ) (-3072 1152 1024 ) (-3072 1152 1072 ) (-3328 1152 1072 ) 
4 108 112 (-3440 1152 1024 ) (-3344 1152 1024 ) (-3344 1152 1072 ) (-3440 1152 1072 ) 
4 109 112 (-3712 1152 1024 ) (-3456 1152 1024 ) (-3456 1152 1072 ) (-3712 1152 1072 ) 
4 110 112 (-3824 1152 1024 ) (-3728 1152 1024 ) (-3728 1152 1072 ) (-3824 1152 1072 ) 
4 111 112 (-4096 1152 1024 ) (-3840 1152 1024 ) (-3840 1152 1072 ) (-4096 1152 1072 ) 
4 112 242 (-3072 1024 1024 ) (-3072 1024 1072 ) (-4096 1024 1072 ) (-4096 1024 1024 ) 
4 113 115 (-4096 7168 1024 ) (-4096 7168 6656 ) (-5120 7168 6656 ) (-5120 7168 1024 ) 
4 113 114 (-5120 7168 1024 ) (-5120 7168 6656 ) (-5120 7680 6656 ) (-5120 7680 1024 ) 
4 114 117 (-6144 7168 1024 ) (-6144 7168 6656 ) (-6144 7680 6656 ) (-6144 7680 1024 ) 
4 114 116 (-6144 7168 6656 ) (-6144 7168 1024 ) (-5120 7168 1024 ) (-5120 7168 6656 ) 
4 115 121 (-4096 6144 1024 ) (-4096 6144 6656 ) (-5120 6144 6656 ) (-5120 6144 1024 ) 
4 115 116 (-5120 7168 6656 ) (-5120 7168 1024 ) (-5120 6144 1024 ) (-5120 6144 6656 ) 
4 116 122 (-5120 6144 1024 ) (-5120 6144 6656 ) (-6144 6144 6656 ) (-6144 6144 1024 ) 
4 116 118 (-6144 6144 1024 ) (-6144 6144 6656 ) (-6144 7168 6656 ) (-6144 7168 1024 ) 
4 117 119 (-7168 7168 1024 ) (-7168 7168 6656 ) (-7168 7680 6656 ) (-7168 7680 1024 ) 
4 117 118 (-6144 7168 1024 ) (-6144 7168 6656 ) (-7168 7168 6656 ) (-7168 7168 1024 ) 
4 118 125 (-6144 6144 1024 ) (-6144 6144 6656 ) (-7168 6144 6656 ) (-7168 6144 1024 ) 
4 118 120 (-7168 6144 1024 ) (-7168 6144 6656 ) (-7168 7168 6656 ) (-7168 7168 1024 ) 
4 119 120 (-7168 7168 1024 ) (-7168 7168 6656 ) (-7680 7168 6656 ) (-7680 7168 1024 ) 
4 120 127 (-7168 6144 1024 ) (-7168 6144 6656 ) (-7680 6144 6656 ) (-7680 6144 1024 ) 
4 121 123 (-4096 5120 1024 ) (-4096 5120 6656 ) (-5120 5120 6656 ) (-5120 5120 1024 ) 
4 121 122 (-5120 5120 1024 ) (-5120 5120 6656 ) (-5120 6144 6656 ) (-5120 6144 1024 ) 
4 122 125 (-6144 5120 1024 ) (-6144 5120 6656 ) (-6144 6144 6656 ) (-6144 6144 1024 ) 
4 122 124 (-5120 5120 1024 ) (-5120 5120 6656 ) (-6144 5120 6656 ) (-6144 5120 1024 ) 
4 123 129 (-4096 4096 1024 ) (-4096 4096 6656 ) (-5120 4096 6656 ) (-5120 4096 1024 ) 
4 123 124 (-5120 5120 6656 ) (-5120 5120 1024 ) (-5120 4096 1024 ) (-5120 4096 6656 ) 
4 124 130 (-5120 4096 1024 ) (-5120 4096 6656 ) (-6144 4096 6656 ) (-6144 4096 1024 ) 
4 124 126 (-6144 4096 1024 ) (-6144 4096 6656 ) (-6144 5120 6656 ) (-6144 5120 1024 ) 
4 125 127 (-7168 6144 6656 ) (-7168 6144 1024 ) (-7168 5120 1024 ) (-7168 5120 6656 ) 
4 125 126 (-6144 5120 1024 ) (-6144 5120 6656 ) (-7168 5120 6656 ) (-7168 5120 1024 ) 
4 126 140 (-6144 4096 1024 ) (-6144 4096 6656 ) (-7168 4096 6656 ) (-7168 4096 1024 ) 
4 126 128 (-7168 4096 1024 ) (-7168 4096 6656 ) (-7168 5120 6656 ) (-7168 5120 1024 ) 
4 127 128 (-7168 5120 1024 ) (-7168 5120 6656 ) (-7680 5120 6656 ) (-7680 5120 1024 ) 
4 128 141 (-7168 4096 1024 ) (-7168 4096 6656 ) (-7680 4096 6656 ) (-7680 4096 1024 ) 
4 129 131 (-4096 3072 1024 ) (-4096 3072 6656 ) (-5120 3072 6656 ) (-5120 3072 1024 ) 
4 129 130 (-5120 4096 6656 ) (-5120 4096 1024 ) (-5120 3072 1024 ) (-5120 3072 6656 ) 
4 130 140 (-6144 4096 6656 ) (-6144 4096 1024 ) (-6144 3072 1024 ) (-6144 3072 6656 ) 
4 130 132 (-5120 3072 1024 ) (-5120 3072 6656 ) (-6144 3072 6656 ) (-6144 3072 1024 ) 
4 131 133 (-4096 2048 1600 ) (-4096 2048 6656 ) (-5120 2048 6656 ) (-5120 2048 1600 ) 
4 131 132 (-5120 2048 1024 ) (-5120 2048 6656 ) (-5120 3072 6656 ) (-5120 3072 1024 ) 
4 132 142 (-6144 2048 1024 ) (-6144 2048 6656 ) (-6144 3072 6656 ) (-6144 3072 1024 ) 
4 132 137 (-6144 2048 6656 ) (-6144 2048 1600 ) (-5120 2048 1600 ) (-5120 2048 6656 ) 
4 133 137 (-5120 2048 6656 ) (-5120 2048 1600 ) (-5120 1792 1600 ) (-5120 1792 6656 ) 
4 133 135 (-4352 1792 1600 ) (-4096 1792 1600 ) (-4096 1792 1856 ) (-4352 1792 1856 ) 
4 133 134 (-4096 1792 1856 ) (-4096 1792 6656 ) (-5120 1792 6656 ) (-5120 1792 1856 ) 
4 134 262 (-4352 1024 6656 ) (-5120 1024 6656 ) (-5120 1024 1856 ) (-4352 1024 1856 ) 
4 134 261 (-4096 1024 1856 ) (-4096 1024 6656 ) (-4352 1024 6656 ) (-4352 1024 1856 ) 
4 134 138 (-5120 1024 1856 ) (-5120 1024 6656 ) (-5120 1792 6656 ) (-5120 1792 1856 ) 
4 134 135 (-4096 1024 1856 ) (-4352 1024 1856 ) (-4352 1792 1856 ) (-4096 1792 1856 ) 
4 135 261 (-4096 1024 1600 ) (-4096 1024 1856 ) (-4352 1024 1856 ) (-4352 1024 1600 ) 
4 136 263 (-4098 1024 1598 ) (-5120 1024 1598 ) (-5120 1024 1088 ) (-4098 1024 1088 ) 
4 136 139 (-5120 2046 1088 ) (-5120 1024 1088 ) (-5120 1024 1598 ) (-5120 2046 1598 ) 
4 137 143 (-6144 1792 6656 ) (-6144 2048 6656 ) (-6144 2048 1600 ) (-6144 1792 1600 ) 
4 137 138 (-5120 1792 1856 ) (-5120 1792 6656 ) (-6144 1792 6656 ) (-6144 1792 1856 ) 
4 138 265 (-5376 1024 6656 ) (-5888 1024 6656 ) (-5888 1024 1856 ) (-5376 1024 1856 ) 
4 138 264 (-5120 1024 1856 ) (-5120 1024 6656 ) (-5376 1024 6656 ) (-5376 1024 1856 ) 
4 138 267 (-5888 1024 6656 ) (-6144 1024 6656 ) (-6144 1024 1856 ) (-5888 1024 1856 ) 
4 138 144 (-6144 1024 1856 ) (-6144 1024 6656 ) (-6144 1792 6656 ) (-6144 1792 1856 ) 
4 139 272 (-5120 1024 1088 ) (-5120 1024 1598 ) (-6144 1024 1598 ) (-6144 1024 1088 ) 
4 139 146 (-6144 1024 1088 ) (-6144 1024 1598 ) (-6144 2046 1598 ) (-6144 2046 1088 ) 
4 140 142 (-6144 3072 1024 ) (-6144 3072 6656 ) (-7168 3072 6656 ) (-7168 3072 1024 ) 
4 140 141 (-7168 4096 6656 ) (-7168 4096 1024 ) (-7168 3072 1024 ) (-7168 3072 6656 ) 
4 141 147 (-7168 3072 1024 ) (-7168 3072 6656 ) (-7680 3072 6656 ) (-7680 3072 1024 ) 
4 142 147 (-7168 3072 6656 ) (-7168 3072 1024 ) (-7168 2048 1024 ) (-7168 2048 6656 ) 
4 142 143 (-6144 2048 1600 ) (-6144 2048 6656 ) (-7168 2048 6656 ) (-7168 2048 1600 ) 
4 143 148 (-7168 2048 6656 ) (-7168 2048 1600 ) (-7168 1792 1600 ) (-7168 1792 6656 ) 
4 143 145 (-7168 1792 1856 ) (-7168 1792 1600 ) (-6912 1792 1600 ) (-6912 1792 1856 ) 
4 143 144 (-7168 1792 6656 ) (-7168 1792 1856 ) (-6144 1792 1856 ) (-6144 1792 6656 ) 
4 144 285 (-6144 1024 1856 ) (-6144 1024 6656 ) (-6912 1024 6656 ) (-6912 1024 1856 ) 
4 144 286 (-6912 1024 6656 ) (-7168 1024 6656 ) (-7168 1024 1856 ) (-6912 1024 1856 ) 
4 144 148 (-7168 1024 1856 ) (-7168 1024 6656 ) (-7168 1792 6656 ) (-7168 1792 1856 ) 
4 144 145 (-7168 1792 1856 ) (-6912 1792 1856 ) (-6912 1024 1856 ) (-7168 1024 1856 ) 
4 145 286 (-6912 1024 1856 ) (-7168 1024 1856 ) (-7168 1024 1600 ) (-6912 1024 1600 ) 
4 145 148 (-7168 1024 1600 ) (-7168 1024 1856 ) (-7168 1792 1856 ) (-7168 1792 1600 ) 
4 146 287 (-6144 1024 1088 ) (-6144 1024 1598 ) (-7166 1024 1598 ) (-7166 1024 1088 ) 
4 147 148 (-7168 2048 1024 ) (-7168 2048 6656 ) (-7680 2048 6656 ) (-7680 2048 1024 ) 
4 148 291 (-7168 1024 1024 ) (-7168 1024 6656 ) (-7680 1024 6656 ) (-7680 1024 1024 ) 
4 149 153 (7168 0 6656 ) (7168 0 992 ) (7680 0 992 ) (7680 0 6656 ) 
4 149 151 (7168 1024 6656 ) (7168 1024 992 ) (7168 0 992 ) (7168 0 6656 ) 
4 149 150 (7680 0 992 ) (7168 0 992 ) (7168 1024 992 ) (7680 1024 992 ) 
4 150 154 (7680 0 896 ) (7680 0 992 ) (7168 0 992 ) (7168 0 896 ) 
4 150 152 (7168 1024 992 ) (7168 1024 896 ) (7168 0 896 ) (7168 0 992 ) 
4 151 165 (6144 1024 6656 ) (6144 1024 992 ) (6144 0 992 ) (6144 0 6656 ) 
4 151 155 (7168 0 992 ) (7168 0 6656 ) (6144 0 6656 ) (6144 0 992 ) 
4 151 152 (6144 1024 992 ) (7168 1024 992 ) (7168 0 992 ) (6144 0 992 ) 
4 152 166 (6144 1024 992 ) (6144 1024 896 ) (6144 0 896 ) (6144 0 992 ) 
4 152 156 (7168 0 896 ) (7168 0 992 ) (6144 0 992 ) (6144 0 896 ) 
4 153 157 (7168 -1024 6656 ) (7168 -1024 992 ) (7680 -1024 992 ) (7680 -1024 6656 ) 
4 153 155 (7168 0 6656 ) (7168 0 992 ) (7168 -1024 992 ) (7168 -1024 6656 ) 
4 153 154 (7680 -1024 992 ) (7168 -1024 992 ) (7168 0 992 ) (7680 0 992 ) 
4 154 158 (7680 -1024 896 ) (7680 -1024 992 ) (7168 -1024 992 ) (7168 -1024 896 ) 
4 154 156 (7168 0 992 ) (7168 0 896 ) (7168 -1024 896 ) (7168 -1024 992 ) 
4 155 169 (6144 -1024 992 ) (6144 -1024 6656 ) (6144 0 6656 ) (6144 0 992 ) 
4 155 159 (7168 -1024 992 ) (7168 -1024 6656 ) (6144 -1024 6656 ) (6144 -1024 992 ) 
4 155 156 (7168 0 992 ) (7168 -1024 992 ) (6144 -1024 992 ) (6144 0 992 ) 
4 156 170 (6144 -1024 896 ) (6144 -1024 992 ) (6144 0 992 ) (6144 0 896 ) 
4 156 160 (7168 -1024 896 ) (7168 -1024 992 ) (6144 -1024 992 ) (6144 -1024 896 ) 
4 157 161 (7168 -2048 6656 ) (7168 -2048 1024 ) (7680 -2048 1024 ) (7680 -2048 6656 ) 
4 157 159 (7168 -1024 6656 ) (7168 -1024 992 ) (7168 -2048 992 ) (7168 -2048 6656 ) 
4 157 158 (7680 -2048 992 ) (7168 -2048 992 ) (7168 -1024 992 ) (7680 -1024 992 ) 
4 158 160 (7168 -1024 992 ) (7168 -1024 896 ) (7168 -2048 896 ) (7168 -2048 992 ) 
4 159 185 (6144 -2048 992 ) (6144 -2048 6656 ) (6144 -1024 6656 ) (6144 -1024 992 ) 
4 159 162 (7168 -2048 1024 ) (7168 -2048 6656 ) (6144 -2048 6656 ) (6144 -2048 1024 ) 
4 159 160 (7168 -1024 992 ) (7168 -2048 992 ) (6144 -2048 992 ) (6144 -1024 992 ) 
4 160 186 (6144 -2048 896 ) (6144 -2048 992 ) (6144 -1024 992 ) (6144 -1024 896 ) 
4 161 163 (7680 -3072 1024 ) (7680 -3072 6656 ) (7168 -3072 6656 ) (7168 -3072 1024 ) 
4 161 162 (7168 -3072 1024 ) (7168 -3072 6656 ) (7168 -2048 6656 ) (7168 -2048 1024 ) 
4 162 189 (6144 -3072 1024 ) (6144 -3072 6656 ) (6144 -2048 6656 ) (6144 -2048 1024 ) 
4 162 164 (6144 -3072 6656 ) (6144 -3072 1024 ) (7168 -3072 1024 ) (7168 -3072 6656 ) 
4 163 205 (7680 -4096 1024 ) (7680 -4096 6656 ) (7168 -4096 6656 ) (7168 -4096 1024 ) 
4 163 164 (7168 -3072 6656 ) (7168 -3072 1024 ) (7168 -4096 1024 ) (7168 -4096 6656 ) 
4 164 206 (7168 -4096 1024 ) (7168 -4096 6656 ) (6144 -4096 6656 ) (6144 -4096 1024 ) 
4 164 191 (6144 -4096 1024 ) (6144 -4096 6656 ) (6144 -3072 6656 ) (6144 -3072 1024 ) 
4 165 169 (6144 0 992 ) (6144 0 6656 ) (5120 0 6656 ) (5120 0 992 ) 
4 165 167 (5120 1024 6656 ) (5120 1024 992 ) (5120 0 992 ) (5120 0 6656 ) 
4 165 166 (6144 0 992 ) (5120 0 992 ) (5120 1024 992 ) (6144 1024 992 ) 
4 166 170 (6144 0 896 ) (6144 0 992 ) (5120 0 992 ) (5120 0 896 ) 
4 166 168 (5120 1024 992 ) (5120 1024 896 ) (5120 0 896 ) (5120 0 992 ) 
4 167 173 (4096 1024 6656 ) (4096 1024 992 ) (4096 0 992 ) (4096 0 6656 ) 
4 167 171 (5120 0 992 ) (5120 0 6656 ) (4096 0 6656 ) (4096 0 992 ) 
4 167 168 (4096 1024 992 ) (5120 1024 992 ) (5120 0 992 ) (4096 0 992 ) 
4 168 174 (4096 1024 992 ) (4096 1024 896 ) (4096 0 896 ) (4096 0 992 ) 
4 168 172 (5120 0 896 ) (5120 0 992 ) (4096 0 992 ) (4096 0 896 ) 
4 169 185 (6144 -1024 992 ) (6144 -1024 6656 ) (5120 -1024 6656 ) (5120 -1024 992 ) 
4 169 171 (5120 0 6656 ) (5120 0 992 ) (5120 -1024 992 ) (5120 -1024 6656 ) 
4 169 170 (6144 -1024 992 ) (5120 -1024 992 ) (5120 0 992 ) (6144 0 992 ) 
4 170 186 (6144 -1024 896 ) (6144 -1024 992 ) (5120 -1024 992 ) (5120 -1024 896 ) 
4 170 172 (5120 0 992 ) (5120 0 896 ) (5120 -1024 896 ) (5120 -1024 992 ) 
4 171 187 (5120 -1024 992 ) (5120 -1024 6656 ) (4096 -1024 6656 ) (4096 -1024 992 ) 
4 171 175 (4096 -1024 992 ) (4096 -1024 6656 ) (4096 0 6656 ) (4096 0 992 ) 
4 171 172 (5120 0 992 ) (5120 -1024 992 ) (4096 -1024 992 ) (4096 0 992 ) 
4 172 188 (5120 -1024 896 ) (5120 -1024 992 ) (4096 -1024 992 ) (4096 -1024 896 ) 
4 172 176 (4096 -1024 896 ) (4096 -1024 992 ) (4096 0 992 ) (4096 0 896 ) 
4 173 177 (3072 0 992 ) (3072 0 6656 ) (3072 1024 6656 ) (3072 1024 992 ) 
4 173 175 (4096 0 992 ) (4096 0 6656 ) (3072 0 6656 ) (3072 0 992 ) 
4 173 174 (3072 0 992 ) (3072 1024 992 ) (4096 1024 992 ) (4096 0 992 ) 
4 174 178 (3072 0 896 ) (3072 0 992 ) (3072 1024 992 ) (3072 1024 896 ) 
4 174 176 (4096 0 896 ) (4096 0 992 ) (3072 0 992 ) (3072 0 896 ) 
4 175 193 (4096 -1024 992 ) (4096 -1024 6656 ) (3072 -1024 6656 ) (3072 -1024 992 ) 
4 175 181 (3072 -1024 992 ) (3072 -1024 6656 ) (3072 0 6656 ) (3072 0 992 ) 
4 175 176 (3072 -1024 992 ) (3072 0 992 ) (4096 0 992 ) (4096 -1024 992 ) 
4 176 194 (4096 -1024 896 ) (4096 -1024 992 ) (3072 -1024 992 ) (3072 -1024 896 ) 
4 176 182 (3072 -1024 896 ) (3072 -1024 992 ) (3072 0 992 ) (3072 0 896 ) 
4 177 181 (3072 0 992 ) (3072 0 6656 ) (2048 0 6656 ) (2048 0 992 ) 
4 177 179 (2048 0 992 ) (2048 0 6656 ) (2048 1024 6656 ) (2048 1024 992 ) 
4 177 178 (3072 0 992 ) (2048 0 992 ) (2048 1024 992 ) (3072 1024 992 ) 
4 178 182 (3072 0 896 ) (3072 0 992 ) (2048 0 992 ) (2048 0 896 ) 
4 178 180 (2048 0 896 ) (2048 0 992 ) (2048 1024 992 ) (2048 1024 896 ) 
4 179 233 (1024 1024 6656 ) (1024 1024 992 ) (1024 0 992 ) (1024 0 6656 ) 
4 179 183 (1024 0 6656 ) (1024 0 992 ) (2048 0 992 ) (2048 0 6656 ) 
4 179 180 (2048 1024 992 ) (2048 0 992 ) (1024 0 992 ) (1024 1024 992 ) 
4 180 234 (1024 1024 992 ) (1024 1024 896 ) (1024 0 896 ) (1024 0 992 ) 
4 180 184 (1024 0 992 ) (1024 0 896 ) (2048 0 896 ) (2048 0 992 ) 
4 181 195 (3072 -1024 992 ) (3072 -1024 6656 ) (2048 -1024 6656 ) (2048 -1024 992 ) 
4 181 183 (2048 0 6656 ) (2048 0 992 ) (2048 -1024 992 ) (2048 -1024 6656 ) 
4 181 182 (2048 0 992 ) (3072 0 992 ) (3072 -1024 992 ) (2048 -1024 992 ) 
4 182 196 (3072 -1024 896 ) (3072 -1024 992 ) (2048 -1024 992 ) (2048 -1024 896 ) 
4 182 184 (2048 0 992 ) (2048 0 896 ) (2048 -1024 896 ) (2048 -1024 992 ) 
4 183 236 (1024 -1024 992 ) (1024 -1024 6656 ) (1024 0 6656 ) (1024 0 992 ) 
4 183 197 (2048 -1024 992 ) (2048 -1024 6656 ) (1024 -1024 6656 ) (1024 -1024 992 ) 
4 183 184 (1024 -1024 992 ) (1024 0 992 ) (2048 0 992 ) (2048 -1024 992 ) 
4 184 237 (1024 -1024 896 ) (1024 -1024 992 ) (1024 0 992 ) (1024 0 896 ) 
4 184 198 (2048 -1024 896 ) (2048 -1024 992 ) (1024 -1024 992 ) (1024 -1024 896 ) 
4 185 189 (6144 -2048 1024 ) (6144 -2048 6656 ) (5120 -2048 6656 ) (5120 -2048 1024 ) 
4 185 187 (5120 -1024 6656 ) (5120 -1024 992 ) (5120 -2048 992 ) (5120 -2048 6656 ) 
4 185 186 (6144 -2048 992 ) (5120 -2048 992 ) (5120 -1024 992 ) (6144 -1024 992 ) 
4 186 188 (5120 -1024 992 ) (5120 -1024 896 ) (5120 -2048 896 ) (5120 -2048 992 ) 
4 187 193 (4096 -1024 6656 ) (4096 -1024 992 ) (4096 -2048 992 ) (4096 -2048 6656 ) 
4 187 190 (5120 -2048 1024 ) (5120 -2048 6656 ) (4096 -2048 6656 ) (4096 -2048 1024 ) 
4 187 188 (4096 -1024 992 ) (5120 -1024 992 ) (5120 -2048 992 ) (4096 -2048 992 ) 
4 188 194 (4096 -1024 992 ) (4096 -1024 896 ) (4096 -2048 896 ) (4096 -2048 992 ) 
4 189 191 (6144 -3072 1024 ) (6144 -3072 6656 ) (5120 -3072 6656 ) (5120 -3072 1024 ) 
4 189 190 (5120 -3072 1024 ) (5120 -3072 6656 ) (5120 -2048 6656 ) (5120 -2048 1024 ) 
4 190 199 (4096 -3072 1024 ) (4096 -3072 6656 ) (4096 -2048 6656 ) (4096 -2048 1024 ) 
4 190 192 (4096 -3072 6656 ) (4096 -3072 1024 ) (5120 -3072 1024 ) (5120 -3072 6656 ) 
4 191 213 (6144 -4096 1024 ) (6144 -4096 6656 ) (5120 -4096 6656 ) (5120 -4096 1024 ) 
4 191 192 (5120 -3072 6656 ) (5120 -3072 1024 ) (5120 -4096 1024 ) (5120 -4096 6656 ) 
4 192 214 (5120 -4096 1024 ) (5120 -4096 6656 ) (4096 -4096 6656 ) (4096 -4096 1024 ) 
4 192 200 (4096 -4096 1024 ) (4096 -4096 6656 ) (4096 -3072 6656 ) (4096 -3072 1024 ) 
4 193 199 (4096 -2048 1024 ) (4096 -2048 6656 ) (3072 -2048 6656 ) (3072 -2048 1024 ) 
4 193 195 (3072 -1024 6656 ) (3072 -1024 992 ) (3072 -2048 992 ) (3072 -2048 6656 ) 
4 193 194 (4096 -2048 992 ) (3072 -2048 992 ) (3072 -1024 992 ) (4096 -1024 992 ) 
4 194 196 (3072 -1024 992 ) (3072 -1024 896 ) (3072 -2048 896 ) (3072 -2048 992 ) 
4 195 201 (3072 -2048 1024 ) (3072 -2048 6656 ) (2048 -2048 6656 ) (2048 -2048 1024 ) 
4 195 197 (2048 -2048 992 ) (2048 -2048 6656 ) (2048 -1024 6656 ) (2048 -1024 992 ) 
4 195 196 (3072 -2048 992 ) (2048 -2048 992 ) (2048 -1024 992 ) (3072 -1024 992 ) 
4 196 198 (2048 -2048 896 ) (2048 -2048 992 ) (2048 -1024 992 ) (2048 -1024 896 ) 
4 197 245 (1024 -2048 992 ) (1024 -2048 6656 ) (1024 -1024 6656 ) (1024 -1024 992 ) 
4 197 202 (2048 -2048 1024 ) (2048 -2048 6656 ) (1024 -2048 6656 ) (1024 -2048 1024 ) 
4 197 198 (1024 -2048 992 ) (1024 -1024 992 ) (2048 -1024 992 ) (2048 -2048 992 ) 
4 198 246 (1024 -2048 896 ) (1024 -2048 992 ) (1024 -1024 992 ) (1024 -1024 896 ) 
4 199 201 (3072 -2048 6656 ) (3072 -2048 1024 ) (3072 -3072 1024 ) (3072 -3072 6656 ) 
4 199 200 (4096 -3072 1024 ) (4096 -3072 6656 ) (3072 -3072 6656 ) (3072 -3072 1024 ) 
4 200 217 (4096 -4096 1024 ) (4096 -4096 6656 ) (3072 -4096 6656 ) (3072 -4096 1024 ) 
4 200 203 (3072 -4096 1024 ) (3072 -4096 6656 ) (3072 -3072 6656 ) (3072 -3072 1024 ) 
4 201 203 (3072 -3072 1024 ) (3072 -3072 6656 ) (2048 -3072 6656 ) (2048 -3072 1024 ) 
4 201 202 (2048 -2048 6656 ) (2048 -2048 1024 ) (2048 -3072 1024 ) (2048 -3072 6656 ) 
4 202 248 (1024 -3072 1024 ) (1024 -3072 6656 ) (1024 -2048 6656 ) (1024 -2048 1024 ) 
4 202 204 (2048 -3072 1024 ) (2048 -3072 6656 ) (1024 -3072 6656 ) (1024 -3072 1024 ) 
4 203 219 (3072 -4096 1024 ) (3072 -4096 6656 ) (2048 -4096 6656 ) (2048 -4096 1024 ) 
4 203 204 (2048 -3072 6656 ) (2048 -3072 1024 ) (2048 -4096 1024 ) (2048 -4096 6656 ) 
4 204 250 (1024 -4096 1024 ) (1024 -4096 6656 ) (1024 -3072 6656 ) (1024 -3072 1024 ) 
4 204 220 (2048 -4096 1024 ) (2048 -4096 6656 ) (1024 -4096 6656 ) (1024 -4096 1024 ) 
4 205 207 (7680 -5120 1024 ) (7680 -5120 6656 ) (7168 -5120 6656 ) (7168 -5120 1024 ) 
4 205 206 (7168 -4096 6656 ) (7168 -4096 1024 ) (7168 -5120 1024 ) (7168 -5120 6656 ) 
4 206 213 (6144 -4096 6656 ) (6144 -4096 1024 ) (6144 -5120 1024 ) (6144 -5120 6656 ) 
4 206 208 (7168 -5120 1024 ) (7168 -5120 6656 ) (6144 -5120 6656 ) (6144 -5120 1024 ) 
4 207 209 (7680 -6144 1024 ) (7680 -6144 6656 ) (7168 -6144 6656 ) (7168 -6144 1024 ) 
4 207 208 (7168 -5120 6656 ) (7168 -5120 1024 ) (7168 -6144 1024 ) (7168 -6144 6656 ) 
4 208 215 (6144 -6144 1024 ) (6144 -6144 6656 ) (6144 -5120 6656 ) (6144 -5120 1024 ) 
4 208 210 (7168 -6144 1024 ) (7168 -6144 6656 ) (6144 -6144 6656 ) (6144 -6144 1024 ) 
4 209 211 (7680 -7168 1024 ) (7680 -7168 6656 ) (7168 -7168 6656 ) (7168 -7168 1024 ) 
4 209 210 (7168 -6144 6656 ) (7168 -6144 1024 ) (7168 -7168 1024 ) (7168 -7168 6656 ) 
4 210 223 (6144 -7168 1024 ) (6144 -7168 6656 ) (6144 -6144 6656 ) (6144 -6144 1024 ) 
4 210 212 (7168 -7168 1024 ) (7168 -7168 6656 ) (6144 -7168 6656 ) (6144 -7168 1024 ) 
4 211 212 (7168 -7168 6656 ) (7168 -7168 1024 ) (7168 -7680 1024 ) (7168 -7680 6656 ) 
4 212 225 (6144 -7680 1024 ) (6144 -7680 6656 ) (6144 -7168 6656 ) (6144 -7168 1024 ) 
4 213 215 (6144 -5120 1024 ) (6144 -5120 6656 ) (5120 -5120 6656 ) (5120 -5120 1024 ) 
4 213 214 (5120 -4096 6656 ) (5120 -4096 1024 ) (5120 -5120 1024 ) (5120 -5120 6656 ) 
4 214 217 (4096 -4096 6656 ) (4096 -4096 1024 ) (4096 -5120 1024 ) (4096 -5120 6656 ) 
4 214 216 (5120 -5120 1024 ) (5120 -5120 6656 ) (4096 -5120 6656 ) (4096 -5120 1024 ) 
4 215 223 (6144 -6144 1024 ) (6144 -6144 6656 ) (5120 -6144 6656 ) (5120 -6144 1024 ) 
4 215 216 (5120 -5120 6656 ) (5120 -5120 1024 ) (5120 -6144 1024 ) (5120 -6144 6656 ) 
4 216 224 (5120 -6144 1024 ) (5120 -6144 6656 ) (4096 -6144 6656 ) (4096 -6144 1024 ) 
4 216 218 (4096 -6144 1024 ) (4096 -6144 6656 ) (4096 -5120 6656 ) (4096 -5120 1024 ) 
4 217 219 (3072 -5120 1024 ) (3072 -5120 6656 ) (3072 -4096 6656 ) (3072 -4096 1024 ) 
4 217 218 (4096 -5120 1024 ) (4096 -5120 6656 ) (3072 -5120 6656 ) (3072 -5120 1024 ) 
4 218 227 (4096 -6144 1024 ) (4096 -6144 6656 ) (3072 -6144 6656 ) (3072 -6144 1024 ) 
4 218 221 (3072 -6144 1024 ) (3072 -6144 6656 ) (3072 -5120 6656 ) (3072 -5120 1024 ) 
4 219 221 (3072 -5120 1024 ) (3072 -5120 6656 ) (2048 -5120 6656 ) (2048 -5120 1024 ) 
4 219 220 (2048 -5120 1024 ) (2048 -5120 6656 ) (2048 -4096 6656 ) (2048 -4096 1024 ) 
4 220 313 (1024 -5120 1024 ) (1024 -5120 6656 ) (1024 -4096 6656 ) (1024 -4096 1024 ) 
4 220 222 (1024 -5120 6656 ) (1024 -5120 1024 ) (2048 -5120 1024 ) (2048 -5120 6656 ) 
4 221 228 (3072 -6144 1024 ) (3072 -6144 6656 ) (2048 -6144 6656 ) (2048 -6144 1024 ) 
4 221 222 (2048 -5120 6656 ) (2048 -5120 1024 ) (2048 -6144 1024 ) (2048 -6144 6656 ) 
4 222 315 (1024 -6144 1024 ) (1024 -6144 6656 ) (1024 -5120 6656 ) (1024 -5120 1024 ) 
4 222 229 (2048 -6144 1024 ) (2048 -6144 6656 ) (1024 -6144 6656 ) (1024 -6144 1024 ) 
4 223 225 (6144 -7168 1024 ) (6144 -7168 6656 ) (5120 -7168 6656 ) (5120 -7168 1024 ) 
4 223 224 (5120 -6144 6656 ) (5120 -6144 1024 ) (5120 -7168 1024 ) (5120 -7168 6656 ) 
4 224 227 (4096 -6144 6656 ) (4096 -6144 1024 ) (4096 -7168 1024 ) (4096 -7168 6656 ) 
4 224 226 (5120 -7168 1024 ) (5120 -7168 6656 ) (4096 -7168 6656 ) (4096 -7168 1024 ) 
4 225 226 (5120 -7680 1024 ) (5120 -7680 6656 ) (5120 -7168 6656 ) (5120 -7168 1024 ) 
4 226 230 (4096 -7680 1024 ) (4096 -7680 6656 ) (4096 -7168 6656 ) (4096 -7168 1024 ) 
4 227 230 (4096 -7168 1024 ) (4096 -7168 6656 ) (3072 -7168 6656 ) (3072 -7168 1024 ) 
4 227 228 (3072 -6144 6656 ) (3072 -6144 1024 ) (3072 -7168 1024 ) (3072 -7168 6656 ) 
4 228 231 (3072 -7168 1024 ) (3072 -7168 6656 ) (2048 -7168 6656 ) (2048 -7168 1024 ) 
4 228 229 (2048 -7168 1024 ) (2048 -7168 6656 ) (2048 -6144 6656 ) (2048 -6144 1024 ) 
4 229 323 (1024 -7168 1024 ) (1024 -7168 6656 ) (1024 -6144 6656 ) (1024 -6144 1024 ) 
4 229 232 (2048 -7168 1024 ) (2048 -7168 6656 ) (1024 -7168 6656 ) (1024 -7168 1024 ) 
4 230 231 (3072 -7168 6656 ) (3072 -7168 1024 ) (3072 -7680 1024 ) (3072 -7680 6656 ) 
4 231 232 (2048 -7168 6656 ) (2048 -7168 1024 ) (2048 -7680 1024 ) (2048 -7680 6656 ) 
4 232 325 (1024 -7680 1024 ) (1024 -7680 6656 ) (1024 -7168 6656 ) (1024 -7168 1024 ) 
4 233 236 (1024 0 992 ) (1024 0 6656 ) (0 0 6656 ) (0 0 992 ) 
4 233 235 (0 1024 6656 ) (0 1024 1024 ) (0 0 1024 ) (0 0 6656 ) 
4 233 234 (1024 0 992 ) (0 0 992 ) (0 1024 992 ) (1024 1024 992 ) 
4 234 237 (1024 0 896 ) (1024 0 992 ) (0 0 992 ) (0 0 896 ) 
4 235 239 (-1024 1024 6656 ) (-1024 1024 1024 ) (-1024 0 1024 ) (-1024 0 6656 ) 
4 235 238 (0 0 1024 ) (0 0 6656 ) (-1024 0 6656 ) (-1024 0 1024 ) 
4 236 245 (1024 -1024 992 ) (1024 -1024 6656 ) (0 -1024 6656 ) (0 -1024 992 ) 
4 236 238 (0 0 6656 ) (0 0 1024 ) (0 -1024 1024 ) (0 -1024 6656 ) 
4 236 237 (1024 -1024 992 ) (0 -1024 992 ) (0 0 992 ) (1024 0 992 ) 
4 237 246 (1024 -1024 896 ) (1024 -1024 992 ) (0 -1024 992 ) (0 -1024 896 ) 
4 238 247 (0 -1024 1024 ) (0 -1024 6656 ) (-1024 -1024 6656 ) (-1024 -1024 1024 ) 
4 238 240 (-1024 -1024 1024 ) (-1024 -1024 6656 ) (-1024 0 6656 ) (-1024 0 1024 ) 
4 239 241 (-2048 0 1024 ) (-2048 0 6656 ) (-2048 1024 6656 ) (-2048 1024 1024 ) 
4 239 240 (-1024 0 1024 ) (-1024 0 6656 ) (-2048 0 6656 ) (-2048 0 1024 ) 
4 240 252 (-1024 -1024 1024 ) (-1024 -1024 6656 ) (-2048 -1024 6656 ) (-2048 -1024 1024 ) 
4 240 243 (-2048 -1024 1024 ) (-2048 -1024 6656 ) (-2048 0 6656 ) (-2048 0 1024 ) 
4 241 243 (-2048 0 1024 ) (-2048 0 6656 ) (-3072 0 6656 ) (-3072 0 1024 ) 
4 241 242 (-3072 0 1024 ) (-3072 0 6656 ) (-3072 1024 6656 ) (-3072 1024 1024 ) 
4 242 261 (-4096 1024 6656 ) (-4096 1024 1600 ) (-4096 0 1600 ) (-4096 0 6656 ) 
4 242 244 (-4096 0 6656 ) (-4096 0 1024 ) (-3072 0 1024 ) (-3072 0 6656 ) 
4 243 253 (-2048 -1024 1024 ) (-2048 -1024 6656 ) (-3072 -1024 6656 ) (-3072 -1024 1024 ) 
4 243 244 (-3072 0 6656 ) (-3072 0 1024 ) (-3072 -1024 1024 ) (-3072 -1024 6656 ) 
4 244 273 (-4096 -1024 1600 ) (-4096 -1024 6656 ) (-4096 0 6656 ) (-4096 0 1600 ) 
4 244 254 (-3072 -1024 1024 ) (-3072 -1024 6656 ) (-4096 -1024 6656 ) (-4096 -1024 1024 ) 
4 245 248 (1024 -2048 1024 ) (1024 -2048 6656 ) (0 -2048 6656 ) (0 -2048 1024 ) 
4 245 247 (0 -1024 6656 ) (0 -1024 1024 ) (0 -2048 1024 ) (0 -2048 6656 ) 
4 245 246 (1024 -2048 992 ) (0 -2048 992 ) (0 -1024 992 ) (1024 -1024 992 ) 
4 247 252 (-1024 -1024 6656 ) (-1024 -1024 1024 ) (-1024 -2048 1024 ) (-1024 -2048 6656 ) 
4 247 249 (0 -2048 1024 ) (0 -2048 6656 ) (-1024 -2048 6656 ) (-1024 -2048 1024 ) 
4 248 250 (1024 -3072 1024 ) (1024 -3072 6656 ) (0 -3072 6656 ) (0 -3072 1024 ) 
4 248 249 (0 -3072 1024 ) (0 -3072 6656 ) (0 -2048 6656 ) (0 -2048 1024 ) 
4 249 255 (-1024 -3072 1024 ) (-1024 -3072 6656 ) (-1024 -2048 6656 ) (-1024 -2048 1024 ) 
4 249 251 (-1024 -3072 6656 ) (-1024 -3072 1024 ) (0 -3072 1024 ) (0 -3072 6656 ) 
4 250 313 (1024 -4096 1024 ) (1024 -4096 6656 ) (0 -4096 6656 ) (0 -4096 1024 ) 
4 250 251 (0 -3072 6656 ) (0 -3072 1024 ) (0 -4096 1024 ) (0 -4096 6656 ) 
4 251 314 (0 -4096 1024 ) (0 -4096 6656 ) (-1024 -4096 6656 ) (-1024 -4096 1024 ) 
4 251 256 (-1024 -4096 1024 ) (-1024 -4096 6656 ) (-1024 -3072 6656 ) (-1024 -3072 1024 ) 
4 252 255 (-1024 -2048 1024 ) (-1024 -2048 6656 ) (-2048 -2048 6656 ) (-2048 -2048 1024 ) 
4 252 253 (-2048 -1024 6656 ) (-2048 -1024 1024 ) (-2048 -2048 1024 ) (-2048 -2048 6656 ) 
4 253 257 (-2048 -2048 1024 ) (-2048 -2048 6656 ) (-3072 -2048 6656 ) (-3072 -2048 1024 ) 
4 253 254 (-3072 -2048 1024 ) (-3072 -2048 6656 ) (-3072 -1024 6656 ) (-3072 -1024 1024 ) 
4 254 295 (-4096 -2048 1600 ) (-4096 -2048 6656 ) (-4096 -1792 6656 ) (-4096 -1792 1600 ) 
4 254 294 (-4096 -1024 1856 ) (-4096 -1024 1600 ) (-4096 -1792 1600 ) (-4096 -1792 1856 ) 
4 254 293 (-4096 -1792 6656 ) (-4096 -1024 6656 ) (-4096 -1024 1856 ) (-4096 -1792 1856 ) 
4 254 258 (-3072 -2048 1024 ) (-3072 -2048 6656 ) (-4096 -2048 6656 ) (-4096 -2048 1024 ) 
4 255 257 (-2048 -2048 6656 ) (-2048 -2048 1024 ) (-2048 -3072 1024 ) (-2048 -3072 6656 ) 
4 255 256 (-1024 -3072 1024 ) (-1024 -3072 6656 ) (-2048 -3072 6656 ) (-2048 -3072 1024 ) 
4 256 317 (-1024 -4096 1024 ) (-1024 -4096 6656 ) (-2048 -4096 6656 ) (-2048 -4096 1024 ) 
4 256 259 (-2048 -4096 1024 ) (-2048 -4096 6656 ) (-2048 -3072 6656 ) (-2048 -3072 1024 ) 
4 257 259 (-2048 -3072 1024 ) (-2048 -3072 6656 ) (-3072 -3072 6656 ) (-3072 -3072 1024 ) 
4 257 258 (-3072 -2048 6656 ) (-3072 -2048 1024 ) (-3072 -3072 1024 ) (-3072 -3072 6656 ) 
4 258 300 (-4096 -3072 1024 ) (-4096 -3072 6656 ) (-4096 -2048 6656 ) (-4096 -2048 1024 ) 
4 258 260 (-3072 -3072 1024 ) (-3072 -3072 6656 ) (-4096 -3072 6656 ) (-4096 -3072 1024 ) 
4 259 319 (-2048 -4096 1024 ) (-2048 -4096 6656 ) (-3072 -4096 6656 ) (-3072 -4096 1024 ) 
4 259 260 (-3072 -3072 6656 ) (-3072 -3072 1024 ) (-3072 -4096 1024 ) (-3072 -4096 6656 ) 
4 260 320 (-3072 -4096 1024 ) (-3072 -4096 6656 ) (-4096 -4096 6656 ) (-4096 -4096 1024 ) 
4 260 302 (-4096 -4096 1024 ) (-4096 -4096 6656 ) (-4096 -3072 6656 ) (-4096 -3072 1024 ) 
4 261 273 (-4096 0 1600 ) (-4096 0 6656 ) (-4352 0 6656 ) (-4352 0 1600 ) 
4 261 262 (-4352 0 1856 ) (-4352 0 6656 ) (-4352 1024 6656 ) (-4352 1024 1856 ) 
4 262 274 (-4352 0 6656 ) (-5120 0 6656 ) (-5120 0 1856 ) (-4352 0 1856 ) 
4 262 268 (-5120 384 1856 ) (-5120 0 1856 ) (-5120 0 6656 ) (-5120 384 6656 ) 
4 262 264 (-5120 1024 6656 ) (-5120 1024 1856 ) (-5120 384 1856 ) (-5120 384 6656 ) 
4 263 275 (-4098 0 1598 ) (-5120 0 1598 ) (-5120 0 1088 ) (-4098 0 1088 ) 
4 263 272 (-5120 1024 1598 ) (-5120 1024 1088 ) (-5120 0 1088 ) (-5120 0 1598 ) 
4 264 268 (-5376 384 1856 ) (-5120 384 1856 ) (-5120 384 6656 ) (-5376 384 6656 ) 
4 264 266 (-5376 384 2752 ) (-5376 384 6656 ) (-5376 896 6656 ) (-5376 896 2752 ) 
4 264 265 (-5376 1024 1856 ) (-5376 896 1856 ) (-5376 896 6656 ) (-5376 1024 6656 ) 
4 265 266 (-5888 896 6656 ) (-5888 896 2752 ) (-5376 896 2752 ) (-5376 896 6656 ) 
4 265 267 (-5888 1024 1856 ) (-5888 896 1856 ) (-5888 896 6656 ) (-5888 1024 6656 ) 
4 266 269 (-5568 384 6656 ) (-5696 384 6656 ) (-5696 384 2752 ) (-5568 384 2752 ) 
4 266 268 (-5376 384 2752 ) (-5376 384 6656 ) (-5568 384 6656 ) (-5568 384 2752 ) 
4 266 271 (-5696 384 6656 ) (-5888 384 6656 ) (-5888 384 2752 ) (-5696 384 2752 ) 
4 266 267 (-5888 384 2752 ) (-5888 384 6656 ) (-5888 896 6656 ) (-5888 896 2752 ) 
4 267 285 (-6144 1024 6656 ) (-6144 1024 1856 ) (-6144 384 1856 ) (-6144 384 6656 ) 
4 267 271 (-6144 384 6656 ) (-6144 384 1856 ) (-5888 384 1856 ) (-5888 384 6656 ) 
4 268 276 (-5120 0 1856 ) (-5120 0 6656 ) (-5568 0 6656 ) (-5568 0 1856 ) 
4 268 269 (-5568 0 6656 ) (-5568 384 6656 ) (-5568 384 2368 ) (-5568 0 2368 ) 
4 268 270 (-5568 384 2240 ) (-5568 384 1856 ) (-5568 0 1856 ) (-5568 0 2240 ) 
4 269 277 (-5568 0 6656 ) (-5696 0 6656 ) (-5696 0 2368 ) (-5568 0 2368 ) 
4 269 271 (-5696 0 6656 ) (-5696 384 6656 ) (-5696 384 2368 ) (-5696 0 2368 ) 
4 270 278 (-5696 0 2240 ) (-5696 0 1856 ) (-5568 0 1856 ) (-5568 0 2240 ) 
4 270 271 (-5696 384 2240 ) (-5696 384 1856 ) (-5696 0 1856 ) (-5696 0 2240 ) 
4 271 285 (-6144 384 1856 ) (-6144 0 1856 ) (-6144 0 6656 ) (-6144 384 6656 ) 
4 271 279 (-5696 0 6656 ) (-6144 0 6656 ) (-6144 0 1856 ) (-5696 0 1856 ) 
4 272 287 (-6144 1024 1598 ) (-6144 1024 1088 ) (-6144 0 1088 ) (-6144 0 1598 ) 
4 272 284 (-5120 0 1088 ) (-5120 0 1598 ) (-6144 0 1598 ) (-6144 0 1088 ) 
4 273 294 (-4096 -1024 1600 ) (-4096 -1024 1856 ) (-4352 -1024 1856 ) (-4352 -1024 1600 ) 
4 273 293 (-4096 -1024 1856 ) (-4096 -1024 6656 ) (-4352 -1024 6656 ) (-4352 -1024 1856 ) 
4 273 274 (-4352 -1024 1856 ) (-4352 -1024 6656 ) (-4352 0 6656 ) (-4352 0 1856 ) 
4 274 293 (-4352 -1024 6656 ) (-5120 -1024 6656 ) (-5120 -1024 1856 ) (-4352 -1024 1856 ) 
4 274 280 (-5120 -384 1856 ) (-5120 -1024 1856 ) (-5120 -1024 6656 ) (-5120 -384 6656 ) 
4 274 276 (-5120 0 6656 ) (-5120 0 1856 ) (-5120 -384 1856 ) (-5120 -384 6656 ) 
4 275 296 (-4098 -1024 1598 ) (-5120 -1024 1598 ) (-5120 -1024 1088 ) (-4098 -1024 1088 ) 
4 275 284 (-5120 0 1598 ) (-5120 0 1088 ) (-5120 -1024 1088 ) (-5120 -1024 1598 ) 
4 276 281 (-5376 -384 2752 ) (-5376 -384 6656 ) (-5568 -384 6656 ) (-5568 -384 2752 ) 
4 276 280 (-5376 -384 1856 ) (-5120 -384 1856 ) (-5120 -384 6656 ) (-5376 -384 6656 ) 
4 276 277 (-5568 -384 2368 ) (-5568 -384 6656 ) (-5568 0 6656 ) (-5568 0 2368 ) 
4 276 278 (-5568 0 1856 ) (-5568 -384 1856 ) (-5568 -384 2240 ) (-5568 0 2240 ) 
4 277 281 (-5568 -384 2752 ) (-5568 -384 6656 ) (-5696 -384 6656 ) (-5696 -384 2752 ) 
4 277 279 (-5696 -384 2368 ) (-5696 -384 6656 ) (-5696 0 6656 ) (-5696 0 2368 ) 
4 278 279 (-5696 0 1856 ) (-5696 -384 1856 ) (-5696 -384 2240 ) (-5696 0 2240 ) 
4 279 288 (-6144 0 6656 ) (-6144 0 1856 ) (-6144 -384 1856 ) (-6144 -384 6656 ) 
4 279 281 (-5696 -384 2752 ) (-5696 -384 6656 ) (-5888 -384 6656 ) (-5888 -384 2752 ) 
4 279 283 (-6144 -384 6656 ) (-6144 -384 1856 ) (-5888 -384 1856 ) (-5888 -384 6656 ) 
4 280 297 (-5120 -1024 1856 ) (-5120 -1024 6656 ) (-5376 -1024 6656 ) (-5376 -1024 1856 ) 
4 280 281 (-5376 -896 6656 ) (-5376 -384 6656 ) (-5376 -384 2752 ) (-5376 -896 2752 ) 
4 280 282 (-5376 -1024 6656 ) (-5376 -896 6656 ) (-5376 -896 1856 ) (-5376 -1024 1856 ) 
4 281 282 (-5888 -896 6656 ) (-5888 -896 2752 ) (-5376 -896 2752 ) (-5376 -896 6656 ) 
4 281 283 (-5888 -896 6656 ) (-5888 -384 6656 ) (-5888 -384 2752 ) (-5888 -896 2752 ) 
4 282 297 (-5376 -1024 6656 ) (-5888 -1024 6656 ) (-5888 -1024 1856 ) (-5376 -1024 1856 ) 
4 282 283 (-5888 -1024 6656 ) (-5888 -896 6656 ) (-5888 -896 1856 ) (-5888 -1024 1856 ) 
4 283 297 (-5888 -1024 6656 ) (-6144 -1024 6656 ) (-6144 -1024 1856 ) (-5888 -1024 1856 ) 
4 283 288 (-6144 -1024 1856 ) (-6144 -1024 6656 ) (-6144 -384 6656 ) (-6144 -384 1856 ) 
4 284 299 (-5120 -1024 1088 ) (-5120 -1024 1598 ) (-6144 -1024 1598 ) (-6144 -1024 1088 ) 
4 284 290 (-6144 -1024 1088 ) (-6144 -1024 1598 ) (-6144 0 1598 ) (-6144 0 1088 ) 
4 285 288 (-6144 0 1856 ) (-6144 0 6656 ) (-6912 0 6656 ) (-6912 0 1856 ) 
4 285 286 (-6912 0 1856 ) (-6912 0 6656 ) (-6912 1024 6656 ) (-6912 1024 1856 ) 
4 286 291 (-7168 0 1600 ) (-7168 0 6656 ) (-7168 1024 6656 ) (-7168 1024 1600 ) 
4 286 289 (-6912 0 6656 ) (-7168 0 6656 ) (-7168 0 1600 ) (-6912 0 1600 ) 
4 287 290 (-6144 0 1088 ) (-6144 0 1598 ) (-7166 0 1598 ) (-7166 0 1088 ) 
4 288 304 (-6144 -1024 1856 ) (-6144 -1024 6656 ) (-6912 -1024 6656 ) (-6912 -1024 1856 ) 
4 288 289 (-6912 -1024 1856 ) (-6912 -1024 6656 ) (-6912 0 6656 ) (-6912 0 1856 ) 
4 289 305 (-7168 -1024 1856 ) (-7168 -1024 1600 ) (-6912 -1024 1600 ) (-6912 -1024 1856 ) 
4 289 304 (-6912 -1024 6656 ) (-7168 -1024 6656 ) (-7168 -1024 1856 ) (-6912 -1024 1856 ) 
4 289 292 (-7168 -1024 1600 ) (-7168 -1024 6656 ) (-7168 0 6656 ) (-7168 0 1600 ) 
4 290 307 (-6144 -1024 1088 ) (-6144 -1024 1598 ) (-7166 -1024 1598 ) (-7166 -1024 1088 ) 
4 291 292 (-7168 0 1024 ) (-7168 0 6656 ) (-7680 0 6656 ) (-7680 0 1024 ) 
4 292 308 (-7168 -1024 1024 ) (-7168 -1024 6656 ) (-7680 -1024 6656 ) (-7680 -1024 1024 ) 
4 293 297 (-5120 -1024 6656 ) (-5120 -1024 1856 ) (-5120 -1792 1856 ) (-5120 -1792 6656 ) 
4 293 295 (-4096 -1792 1856 ) (-4096 -1792 6656 ) (-5120 -1792 6656 ) (-5120 -1792 1856 ) 
4 293 294 (-4096 -1792 1856 ) (-4352 -1792 1856 ) (-4352 -1024 1856 ) (-4096 -1024 1856 ) 
4 294 295 (-4352 -1792 1600 ) (-4096 -1792 1600 ) (-4096 -1792 1856 ) (-4352 -1792 1856 ) 
4 295 300 (-4096 -2048 1600 ) (-4096 -2048 6656 ) (-5120 -2048 6656 ) (-5120 -2048 1600 ) 
4 295 298 (-5120 -1792 1600 ) (-5120 -2048 1600 ) (-5120 -2048 6656 ) (-5120 -1792 6656 ) 
4 296 299 (-5120 -1024 1598 ) (-5120 -1024 1088 ) (-5120 -2046 1088 ) (-5120 -2046 1598 ) 
4 297 304 (-6144 -1024 6656 ) (-6144 -1024 1856 ) (-6144 -1792 1856 ) (-6144 -1792 6656 ) 
4 297 298 (-5120 -1792 1856 ) (-5120 -1792 6656 ) (-6144 -1792 6656 ) (-6144 -1792 1856 ) 
4 298 306 (-6144 -1792 1600 ) (-6144 -2048 1600 ) (-6144 -2048 6656 ) (-6144 -1792 6656 ) 
4 298 301 (-5120 -2048 1600 ) (-5120 -2048 6656 ) (-6144 -2048 6656 ) (-6144 -2048 1600 ) 
4 299 307 (-6144 -1024 1598 ) (-6144 -1024 1088 ) (-6144 -2046 1088 ) (-6144 -2046 1598 ) 
4 300 302 (-4096 -3072 1024 ) (-4096 -3072 6656 ) (-5120 -3072 6656 ) (-5120 -3072 1024 ) 
4 300 301 (-5120 -3072 1024 ) (-5120 -3072 6656 ) (-5120 -2048 6656 ) (-5120 -2048 1024 ) 
4 301 309 (-6144 -3072 1024 ) (-6144 -3072 6656 ) (-6144 -2048 6656 ) (-6144 -2048 1024 ) 
4 301 303 (-6144 -3072 6656 ) (-6144 -3072 1024 ) (-5120 -3072 1024 ) (-5120 -3072 6656 ) 
4 302 333 (-4096 -4096 1024 ) (-4096 -4096 6656 ) (-5120 -4096 6656 ) (-5120 -4096 1024 ) 
4 302 303 (-5120 -3072 6656 ) (-5120 -3072 1024 ) (-5120 -4096 1024 ) (-5120 -4096 6656 ) 
4 303 334 (-5120 -4096 1024 ) (-5120 -4096 6656 ) (-6144 -4096 6656 ) (-6144 -4096 1024 ) 
4 303 310 (-6144 -4096 1024 ) (-6144 -4096 6656 ) (-6144 -3072 6656 ) (-6144 -3072 1024 ) 
4 304 308 (-7168 -1024 6656 ) (-7168 -1024 1856 ) (-7168 -1792 1856 ) (-7168 -1792 6656 ) 
4 304 306 (-6144 -1792 1856 ) (-6144 -1792 6656 ) (-7168 -1792 6656 ) (-7168 -1792 1856 ) 
4 304 305 (-6912 -1792 1856 ) (-7168 -1792 1856 ) (-7168 -1024 1856 ) (-6912 -1024 1856 ) 
4 305 308 (-7168 -1024 1856 ) (-7168 -1024 1600 ) (-7168 -1792 1600 ) (-7168 -1792 1856 ) 
4 305 306 (-7168 -1792 1600 ) (-6912 -1792 1600 ) (-6912 -1792 1856 ) (-7168 -1792 1856 ) 
4 306 309 (-6144 -2048 1600 ) (-6144 -2048 6656 ) (-7168 -2048 6656 ) (-7168 -2048 1600 ) 
4 306 308 (-7168 -1792 1600 ) (-7168 -2048 1600 ) (-7168 -2048 6656 ) (-7168 -1792 6656 ) 
4 308 311 (-7168 -2048 1024 ) (-7168 -2048 6656 ) (-7680 -2048 6656 ) (-7680 -2048 1024 ) 
4 309 311 (-7168 -2048 6656 ) (-7168 -2048 1024 ) (-7168 -3072 1024 ) (-7168 -3072 6656 ) 
4 309 310 (-6144 -3072 1024 ) (-6144 -3072 6656 ) (-7168 -3072 6656 ) (-7168 -3072 1024 ) 
4 310 337 (-6144 -4096 1024 ) (-6144 -4096 6656 ) (-7168 -4096 6656 ) (-7168 -4096 1024 ) 
4 310 312 (-7168 -4096 1024 ) (-7168 -4096 6656 ) (-7168 -3072 6656 ) (-7168 -3072 1024 ) 
4 311 312 (-7168 -3072 1024 ) (-7168 -3072 6656 ) (-7680 -3072 6656 ) (-7680 -3072 1024 ) 
4 312 339 (-7168 -4096 1024 ) (-7168 -4096 6656 ) (-7680 -4096 6656 ) (-7680 -4096 1024 ) 
4 313 315 (1024 -5120 1024 ) (1024 -5120 6656 ) (0 -5120 6656 ) (0 -5120 1024 ) 
4 313 314 (0 -4096 6656 ) (0 -4096 1024 ) (0 -5120 1024 ) (0 -5120 6656 ) 
4 314 317 (-1024 -4096 6656 ) (-1024 -4096 1024 ) (-1024 -5120 1024 ) (-1024 -5120 6656 ) 
4 314 316 (0 -5120 1024 ) (0 -5120 6656 ) (-1024 -5120 6656 ) (-1024 -5120 1024 ) 
4 315 323 (1024 -6144 1024 ) (1024 -6144 6656 ) (0 -6144 6656 ) (0 -6144 1024 ) 
4 315 316 (0 -5120 6656 ) (0 -5120 1024 ) (0 -6144 1024 ) (0 -6144 6656 ) 
4 316 324 (0 -6144 1024 ) (0 -6144 6656 ) (-1024 -6144 6656 ) (-1024 -6144 1024 ) 
4 316 318 (-1024 -6144 1024 ) (-1024 -6144 6656 ) (-1024 -5120 6656 ) (-1024 -5120 1024 ) 
4 317 319 (-2048 -5120 1024 ) (-2048 -5120 6656 ) (-2048 -4096 6656 ) (-2048 -4096 1024 ) 
4 317 318 (-1024 -5120 1024 ) (-1024 -5120 6656 ) (-2048 -5120 6656 ) (-2048 -5120 1024 ) 
4 318 327 (-1024 -6144 1024 ) (-1024 -6144 6656 ) (-2048 -6144 6656 ) (-2048 -6144 1024 ) 
4 318 321 (-2048 -6144 1024 ) (-2048 -6144 6656 ) (-2048 -5120 6656 ) (-2048 -5120 1024 ) 
4 319 321 (-2048 -5120 1024 ) (-2048 -5120 6656 ) (-3072 -5120 6656 ) (-3072 -5120 1024 ) 
4 319 320 (-3072 -5120 1024 ) (-3072 -5120 6656 ) (-3072 -4096 6656 ) (-3072 -4096 1024 ) 
4 320 333 (-4096 -4096 6656 ) (-4096 -4096 1024 ) (-4096 -5120 1024 ) (-4096 -5120 6656 ) 
4 320 322 (-4096 -5120 6656 ) (-4096 -5120 1024 ) (-3072 -5120 1024 ) (-3072 -5120 6656 ) 
4 321 328 (-2048 -6144 1024 ) (-2048 -6144 6656 ) (-3072 -6144 6656 ) (-3072 -6144 1024 ) 
4 321 322 (-3072 -5120 6656 ) (-3072 -5120 1024 ) (-3072 -6144 1024 ) (-3072 -6144 6656 ) 
4 322 335 (-4096 -6144 1024 ) (-4096 -6144 6656 ) (-4096 -5120 6656 ) (-4096 -5120 1024 ) 
4 322 329 (-3072 -6144 1024 ) (-3072 -6144 6656 ) (-4096 -6144 6656 ) (-4096 -6144 1024 ) 
4 323 325 (1024 -7168 1024 ) (1024 -7168 6656 ) (0 -7168 6656 ) (0 -7168 1024 ) 
4 323 324 (0 -6144 6656 ) (0 -6144 1024 ) (0 -7168 1024 ) (0 -7168 6656 ) 
4 324 327 (-1024 -6144 6656 ) (-1024 -6144 1024 ) (-1024 -7168 1024 ) (-1024 -7168 6656 ) 
4 324 326 (0 -7168 1024 ) (0 -7168 6656 ) (-1024 -7168 6656 ) (-1024 -7168 1024 ) 
4 325 326 (0 -7680 1024 ) (0 -7680 6656 ) (0 -7168 6656 ) (0 -7168 1024 ) 
4 326 330 (-1024 -7680 1024 ) (-1024 -7680 6656 ) (-1024 -7168 6656 ) (-1024 -7168 1024 ) 
4 327 330 (-1024 -7168 1024 ) (-1024 -7168 6656 ) (-2048 -7168 6656 ) (-2048 -7168 1024 ) 
4 327 328 (-2048 -6144 6656 ) (-2048 -6144 1024 ) (-2048 -7168 1024 ) (-2048 -7168 6656 ) 
4 328 331 (-2048 -7168 1024 ) (-2048 -7168 6656 ) (-3072 -7168 6656 ) (-3072 -7168 1024 ) 
4 328 329 (-3072 -7168 1024 ) (-3072 -7168 6656 ) (-3072 -6144 6656 ) (-3072 -6144 1024 ) 
4 329 341 (-4096 -7168 1024 ) (-4096 -7168 6656 ) (-4096 -6144 6656 ) (-4096 -6144 1024 ) 
4 329 332 (-3072 -7168 1024 ) (-3072 -7168 6656 ) (-4096 -7168 6656 ) (-4096 -7168 1024 ) 
4 330 331 (-2048 -7168 6656 ) (-2048 -7168 1024 ) (-2048 -7680 1024 ) (-2048 -7680 6656 ) 
4 331 332 (-3072 -7168 6656 ) (-3072 -7168 1024 ) (-3072 -7680 1024 ) (-3072 -7680 6656 ) 
4 332 343 (-4096 -7680 1024 ) (-4096 -7680 6656 ) (-4096 -7168 6656 ) (-4096 -7168 1024 ) 
4 333 335 (-4096 -5120 1024 ) (-4096 -5120 6656 ) (-5120 -5120 6656 ) (-5120 -5120 1024 ) 
4 333 334 (-5120 -4096 6656 ) (-5120 -4096 1024 ) (-5120 -5120 1024 ) (-5120 -5120 6656 ) 
4 334 337 (-6144 -4096 6656 ) (-6144 -4096 1024 ) (-6144 -5120 1024 ) (-6144 -5120 6656 ) 
4 334 336 (-5120 -5120 1024 ) (-5120 -5120 6656 ) (-6144 -5120 6656 ) (-6144 -5120 1024 ) 
4 335 341 (-4096 -6144 1024 ) (-4096 -6144 6656 ) (-5120 -6144 6656 ) (-5120 -6144 1024 ) 
4 335 336 (-5120 -5120 6656 ) (-5120 -5120 1024 ) (-5120 -6144 1024 ) (-5120 -6144 6656 ) 
4 336 342 (-5120 -6144 1024 ) (-5120 -6144 6656 ) (-6144 -6144 6656 ) (-6144 -6144 1024 ) 
4 336 338 (-6144 -6144 1024 ) (-6144 -6144 6656 ) (-6144 -5120 6656 ) (-6144 -5120 1024 ) 
4 337 339 (-7168 -5120 1024 ) (-7168 -5120 6656 ) (-7168 -4096 6656 ) (-7168 -4096 1024 ) 
4 337 338 (-6144 -5120 1024 ) (-6144 -5120 6656 ) (-7168 -5120 6656 ) (-7168 -5120 1024 ) 
4 338 345 (-6144 -6144 1024 ) (-6144 -6144 6656 ) (-7168 -6144 6656 ) (-7168 -6144 1024 ) 
4 338 340 (-7168 -6144 1024 ) (-7168 -6144 6656 ) (-7168 -5120 6656 ) (-7168 -5120 1024 ) 
4 339 340 (-7168 -5120 1024 ) (-7168 -5120 6656 ) (-7680 -5120 6656 ) (-7680 -5120 1024 ) 
4 340 346 (-7168 -6144 1024 ) (-7168 -6144 6656 ) (-7680 -6144 6656 ) (-7680 -6144 1024 ) 
4 341 343 (-4096 -7168 1024 ) (-4096 -7168 6656 ) (-5120 -7168 6656 ) (-5120 -7168 1024 ) 
4 341 342 (-5120 -6144 6656 ) (-5120 -6144 1024 ) (-5120 -7168 1024 ) (-5120 -7168 6656 ) 
4 342 345 (-6144 -6144 6656 ) (-6144 -6144 1024 ) (-6144 -7168 1024 ) (-6144 -7168 6656 ) 
4 342 344 (-5120 -7168 1024 ) (-5120 -7168 6656 ) (-6144 -7168 6656 ) (-6144 -7168 1024 ) 
4 343 344 (-5120 -7680 1024 ) (-5120 -7680 6656 ) (-5120 -7168 6656 ) (-5120 -7168 1024 ) 
4 344 347 (-6144 -7680 1024 ) (-6144 -7680 6656 ) (-6144 -7168 6656 ) (-6144 -7168 1024 ) 
4 345 347 (-6144 -7168 1024 ) (-6144 -7168 6656 ) (-7168 -7168 6656 ) (-7168 -7168 1024 ) 
4 345 346 (-7168 -6144 6656 ) (-7168 -6144 1024 ) (-7168 -7168 1024 ) (-7168 -7168 6656 ) 
4 346 348 (-7168 -7168 1024 ) (-7168 -7168 6656 ) (-7680 -7168 6656 ) (-7680 -7168 1024 ) 
4 347 348 (-7168 -7168 6656 ) (-7168 -7168 1024 ) (-7168 -7680 1024 ) (-7168 -7680 6656 ) 
